{"level":"info","message":"🛢   Database is connected successfully","service":"user-service"}
{"level":"info","message":"🛢   Database is connected successfully","service":"user-service"}
{"level":"info","message":"Application  listening on port 5000","service":"user-service"}
{"level":"info","message":"🛢   Database is connected successfully","service":"user-service"}
{"level":"info","message":"Application  listening on port 5000","service":"user-service"}
{"level":"info","message":"🛢   Database is connected successfully","service":"user-service"}
{"level":"info","message":"Application  listening on port 5000","service":"user-service"}
{"level":"info","message":"🛢   Database is connected successfully","service":"user-service"}
{"level":"info","message":"Application  listening on port 5000","service":"user-service"}
{"level":"info","message":"🛢   Database is connected successfully","service":"user-service"}
{"level":"info","message":"Application  listening on port 5000","service":"user-service"}
{"level":"info","message":"🛢   Database is connected successfully","service":"user-service"}
{"level":"info","message":"Application  listening on port 5000","service":"user-service"}
{"level":"info","message":"🛢   Database is connected successfully","service":"user-service"}
{"level":"info","message":"Application  listening on port 5000","service":"user-service"}
2023-06-30T05:21:16.889Z [right meow!] info: 🛢   Database is connected successfully
2023-06-30T05:21:16.895Z [right meow!] info: Application  listening on port 5000
2023-06-30T05:22:16.128Z [right meow!] info: 🛢   Database is connected successfully
2023-06-30T05:22:16.136Z [right meow!] info: Application  listening on port 5000
2023-06-30T05:22:54.056Z [right meow!] info: 🛢   Database is connected successfully
2023-06-30T05:22:54.070Z [right meow!] info: Application  listening on port 5000
2023-06-30T05:23:11.783Z [right meow!] info: 🛢   Database is connected successfully
2023-06-30T05:23:11.792Z [right meow!] info: Application  listening on port 5000
2023-06-30T05:24:52.962Z [right meow!] info: 🛢   Database is connected successfully
2023-06-30T05:24:52.969Z [right meow!] info: Application  listening on port 5000
Fri Jun 30 2023 11:25:14 } [right meow!] info: 🛢   Database is connected successfully
Fri Jun 30 2023 11:25:14 } [right meow!] info: Application  listening on port 5000
Fri Jun 30 2023 11:26:45 } [right meow!] info: 🛢   Database is connected successfully
Fri Jun 30 2023 11:26:45 } [right meow!] info: Application  listening on port 5000
Fri Jun 30 2023 11:26:56 } [right meow!] info: 🛢   Database is connected successfully
Fri Jun 30 2023 11:26:56 } [right meow!] info: Application  listening on port 5000
Fri Jun 30 2023 11:27:4 } [right meow!] info: 🛢   Database is connected successfully
Fri Jun 30 2023 11:27:4 } [right meow!] info: Application  listening on port 5000
Fri Jun 30 2023 11:27:11 } [right meow!] info: 🛢   Database is connected successfully
Fri Jun 30 2023 11:27:11 } [right meow!] info: Application  listening on port 5000
Fri Jun 30 2023 11:27:25 } [ph!] info: 🛢   Database is connected successfully
Fri Jun 30 2023 11:27:25 } [ph!] info: Application  listening on port 5000
